<?xml version="1.0" encoding="UTF-8"?>
<testsuite xmlns:xsi="http://www.w3.org/2001/XMLSchema-instance" xsi:noNamespaceSchemaLocation="https://maven.apache.org/surefire/maven-surefire-plugin/xsd/surefire-test-report.xsd" name="com.neosoft.UserPOC.controller.UserControllerTest" time="0.658" tests="9" errors="0" skipped="0" failures="0">
  <properties>
[...]
</properties>
  <testcase name="findAllByOrderByDateOfBirthAscJoiningDateAsc" classname="com.neosoft.UserPOC.controller.UserControllerTest" time="0.622"/>
  <testcase name="saveWhenUserNull" classname="com.neosoft.UserPOC.controller.UserControllerTest" time="0.006"/>
  <testcase name="update" classname="com.neosoft.UserPOC.controller.UserControllerTest" time="0.003"/>
  <testcase name="hardDelete" classname="com.neosoft.UserPOC.controller.UserControllerTest" time="0"/>
  <testcase name="getUserByIdEmpty" classname="com.neosoft.UserPOC.controller.UserControllerTest" time="0.006"/>
  <testcase name="softDelete" classname="com.neosoft.UserPOC.controller.UserControllerTest" time="0.003"/>
  <testcase name="findByNameOrLastNameOrPinCode" classname="com.neosoft.UserPOC.controller.UserControllerTest" time="0.003"/>
  <testcase name="save" classname="com.neosoft.UserPOC.controller.UserControllerTest" time="0"/>
  <testcase name="getUserById" classname="com.neosoft.UserPOC.controller.UserControllerTest" time="0.007"/>
</testsuite>